07-04-2022 21:36:41 werkzeug     INFO      * Running on http://127.0.0.1:5000 (Press CTRL+C to quit)
07-04-2022 21:36:45 urllib3.connectionpool DEBUG    Starting new HTTPS connection (1): redditmlbstreams.live:443
07-04-2022 21:36:45 urllib3.connectionpool DEBUG    https://redditmlbstreams.live:443 "GET / HTTP/1.1" 200 None
07-04-2022 21:36:45 werkzeug     INFO     127.0.0.1 - - [04/Jul/2022 21:36:45] "GET /baseball/ HTTP/1.1" 200 -
07-04-2022 21:36:47 urllib3.connectionpool DEBUG    Starting new HTTPS connection (1): sportscentral.io:443
07-04-2022 21:36:48 urllib3.connectionpool DEBUG    https://sportscentral.io:443 "GET /streams-table/418862/baseball?new-ui=1 HTTP/1.1" 200 None
07-04-2022 21:36:48 urllib3.connectionpool DEBUG    Starting new HTTPS connection (1): tinyurl.is:443
07-04-2022 21:36:49 urllib3.connectionpool DEBUG    https://tinyurl.is:443 "GET /1l8l?sport=baseball HTTP/1.1" 200 None
07-04-2022 21:36:52 urllib3.connectionpool DEBUG    Starting new HTTP connection (1): 1stream.top:80
07-04-2022 21:36:52 urllib3.connectionpool DEBUG    http://1stream.top:80 "GET /game/MTEyNjczODc4?sport=baseball HTTP/1.1" 200 None
07-04-2022 21:36:52 main-app     ERROR    Traceback (most recent call last):
07-04-2022 21:36:52 main-app     ERROR      File "C:\Programming\SportsStreaming\back-end\venv\lib\site-packages\flask\app.py", line 1523, in full_dispatch_request
07-04-2022 21:36:52 main-app     ERROR        rv = self.dispatch_request()
07-04-2022 21:36:52 main-app     ERROR      File "C:\Programming\SportsStreaming\back-end\venv\lib\site-packages\flask\app.py", line 1509, in dispatch_request
07-04-2022 21:36:52 main-app     ERROR        return self.ensure_sync(self.view_functions[rule.endpoint])(**req.view_args)
07-04-2022 21:36:52 main-app     ERROR      File "C:\Programming\SportsStreaming\back-end\sports_streaming\games\baseball\controller.py", line 27, in get_stream
07-04-2022 21:36:52 main-app     ERROR        'link': streams.baseball.service.get_stream(
07-04-2022 21:36:52 main-app     ERROR      File "C:\Programming\SportsStreaming\back-end\sports_streaming\streams\baseball\service.py", line 7, in get_stream
07-04-2022 21:36:52 main-app     ERROR        return _get_direct_stream(_bypass_tinyurl_site(streamer))
07-04-2022 21:36:52 main-app     ERROR      File "C:\Programming\SportsStreaming\back-end\sports_streaming\streams\baseball\service.py", line 23, in _get_direct_stream
07-04-2022 21:36:52 main-app     ERROR        return iframe.get('src')
07-04-2022 21:36:52 main-app     ERROR    AttributeError: 'NoneType' object has no attribute 'get'
07-04-2022 21:36:52 main-app     ERROR    {'code': 500, 'name': 'Server Error', 'description': 'Some error occurred on the server.'}
07-04-2022 21:36:52 werkzeug     INFO     127.0.0.1 - - [04/Jul/2022 21:36:52] "[35m[1mGET /baseball/418862 HTTP/1.1[0m" 500 -
07-04-2022 21:37:31 urllib3.connectionpool DEBUG    Starting new HTTPS connection (1): sportscentral.io:443
07-04-2022 21:37:32 urllib3.connectionpool DEBUG    https://sportscentral.io:443 "GET /streams-table/437852/baseball?new-ui=1 HTTP/1.1" 200 None
07-04-2022 21:37:32 main-app     ERROR    Traceback (most recent call last):
07-04-2022 21:37:32 main-app     ERROR      File "C:\Programming\SportsStreaming\back-end\venv\lib\site-packages\flask\app.py", line 1523, in full_dispatch_request
07-04-2022 21:37:32 main-app     ERROR        rv = self.dispatch_request()
07-04-2022 21:37:32 main-app     ERROR      File "C:\Programming\SportsStreaming\back-end\venv\lib\site-packages\flask\app.py", line 1509, in dispatch_request
07-04-2022 21:37:32 main-app     ERROR        return self.ensure_sync(self.view_functions[rule.endpoint])(**req.view_args)
07-04-2022 21:37:32 main-app     ERROR      File "C:\Programming\SportsStreaming\back-end\sports_streaming\games\baseball\controller.py", line 28, in get_stream
07-04-2022 21:37:32 main-app     ERROR        streamers.baseball.service.get_top_streamer(game_id)
07-04-2022 21:37:32 main-app     ERROR      File "C:\Programming\SportsStreaming\back-end\sports_streaming\streamers\baseball\service.py", line 14, in get_top_streamer
07-04-2022 21:37:32 main-app     ERROR        return get_streamers(game_id)[0]
07-04-2022 21:37:32 main-app     ERROR    IndexError: list index out of range
07-04-2022 21:37:32 main-app     ERROR    {'code': 500, 'name': 'Server Error', 'description': 'Some error occurred on the server.'}
07-04-2022 21:37:32 werkzeug     INFO     127.0.0.1 - - [04/Jul/2022 21:37:32] "[35m[1mGET /baseball/437852 HTTP/1.1[0m" 500 -
07-04-2022 21:39:28 urllib3.connectionpool DEBUG    Starting new HTTPS connection (1): sportscentral.io:443
07-04-2022 21:39:29 urllib3.connectionpool DEBUG    https://sportscentral.io:443 "GET /streams-table/437895/baseball?new-ui=1 HTTP/1.1" 200 None
07-04-2022 21:39:29 main-app     ERROR    Traceback (most recent call last):
07-04-2022 21:39:29 main-app     ERROR      File "C:\Programming\SportsStreaming\back-end\venv\lib\site-packages\flask\app.py", line 1523, in full_dispatch_request
07-04-2022 21:39:29 main-app     ERROR        rv = self.dispatch_request()
07-04-2022 21:39:29 main-app     ERROR      File "C:\Programming\SportsStreaming\back-end\venv\lib\site-packages\flask\app.py", line 1509, in dispatch_request
07-04-2022 21:39:29 main-app     ERROR        return self.ensure_sync(self.view_functions[rule.endpoint])(**req.view_args)
07-04-2022 21:39:29 main-app     ERROR      File "C:\Programming\SportsStreaming\back-end\sports_streaming\games\baseball\controller.py", line 28, in get_stream
07-04-2022 21:39:29 main-app     ERROR        streamers.baseball.service.get_top_streamer(game_id)
07-04-2022 21:39:29 main-app     ERROR      File "C:\Programming\SportsStreaming\back-end\sports_streaming\streamers\baseball\service.py", line 14, in get_top_streamer
07-04-2022 21:39:29 main-app     ERROR        return get_streamers(game_id)[0]
07-04-2022 21:39:29 main-app     ERROR    IndexError: list index out of range
07-04-2022 21:39:29 main-app     ERROR    {'code': 500, 'name': 'Server Error', 'description': 'Some error occurred on the server.'}
07-04-2022 21:39:29 werkzeug     INFO     127.0.0.1 - - [04/Jul/2022 21:39:29] "[35m[1mGET /baseball/437895 HTTP/1.1[0m" 500 -
07-04-2022 21:39:34 urllib3.connectionpool DEBUG    Starting new HTTPS connection (1): sportscentral.io:443
07-04-2022 21:39:35 urllib3.connectionpool DEBUG    https://sportscentral.io:443 "GET /streams-table/437901/baseball?new-ui=1 HTTP/1.1" 200 None
07-04-2022 21:39:35 urllib3.connectionpool DEBUG    Starting new HTTPS connection (1): tinyurl.is:443
07-04-2022 21:39:35 urllib3.connectionpool DEBUG    https://tinyurl.is:443 "GET /Nrrj?sport=baseball HTTP/1.1" 200 None
07-04-2022 21:39:38 urllib3.connectionpool DEBUG    Starting new HTTP connection (1): weakstreams.com:80
07-04-2022 21:39:39 urllib3.connectionpool DEBUG    http://weakstreams.com:80 "GET /mlb-streams/cincinnati-reds-vs-new-york-mets/72682?sport=baseball HTTP/1.1" 301 None
07-04-2022 21:39:39 urllib3.connectionpool DEBUG    http://weakstreams.com:80 "GET /mlb-streams/cincinnati-reds-vs-new-york-mets/72682/?sport=baseball HTTP/1.1" 200 None
07-04-2022 21:39:39 werkzeug     INFO     127.0.0.1 - - [04/Jul/2022 21:39:39] "GET /baseball/437901 HTTP/1.1" 200 -
07-04-2022 23:29:07 urllib3.connectionpool DEBUG    Starting new HTTPS connection (1): redditmlbstreams.live:443
07-04-2022 23:29:07 urllib3.connectionpool DEBUG    https://redditmlbstreams.live:443 "GET / HTTP/1.1" 200 None
07-04-2022 23:29:07 werkzeug     INFO     127.0.0.1 - - [04/Jul/2022 23:29:07] "GET /baseball/ HTTP/1.1" 200 -
07-04-2022 23:29:20 urllib3.connectionpool DEBUG    Starting new HTTPS connection (1): sportscentral.io:443
07-04-2022 23:29:21 urllib3.connectionpool DEBUG    https://sportscentral.io:443 "GET /streams-table/437904/baseball?new-ui=1 HTTP/1.1" 200 None
07-04-2022 23:29:21 urllib3.connectionpool DEBUG    Starting new HTTPS connection (1): tinyurl.is:443
07-04-2022 23:29:22 urllib3.connectionpool DEBUG    https://tinyurl.is:443 "GET /OgiP?sport=baseball HTTP/1.1" 200 None
07-04-2022 23:29:29 urllib3.connectionpool DEBUG    Starting new HTTP connection (1): weakstreams.com:80
07-04-2022 23:29:29 urllib3.connectionpool DEBUG    http://weakstreams.com:80 "GET /mlb-streams/chicago-white-sox-vs-minnesota-twins/72692?sport=baseball HTTP/1.1" 301 None
07-04-2022 23:29:29 urllib3.connectionpool DEBUG    http://weakstreams.com:80 "GET /mlb-streams/chicago-white-sox-vs-minnesota-twins/72692/?sport=baseball HTTP/1.1" 200 None
07-04-2022 23:29:29 werkzeug     INFO     127.0.0.1 - - [04/Jul/2022 23:29:29] "GET /baseball/437904 HTTP/1.1" 200 -
07-04-2022 23:29:48 urllib3.connectionpool DEBUG    Starting new HTTPS connection (1): redditmlbstreams.live:443
07-04-2022 23:29:49 urllib3.connectionpool DEBUG    https://redditmlbstreams.live:443 "GET / HTTP/1.1" 200 None
07-04-2022 23:29:49 werkzeug     INFO     127.0.0.1 - - [04/Jul/2022 23:29:49] "GET /baseball/ HTTP/1.1" 200 -
07-04-2022 23:29:55 urllib3.connectionpool DEBUG    Starting new HTTPS connection (1): sportscentral.io:443
07-04-2022 23:29:55 urllib3.connectionpool DEBUG    https://sportscentral.io:443 "GET /streams-table/437905/baseball?new-ui=1 HTTP/1.1" 200 None
07-04-2022 23:29:55 urllib3.connectionpool DEBUG    Starting new HTTPS connection (1): tinyurl.is:443
07-04-2022 23:29:56 urllib3.connectionpool DEBUG    https://tinyurl.is:443 "GET /e93F?sport=baseball HTTP/1.1" 200 None
07-04-2022 23:30:02 urllib3.connectionpool DEBUG    Starting new HTTP connection (1): weakstreams.com:80
07-04-2022 23:30:02 urllib3.connectionpool DEBUG    http://weakstreams.com:80 "GET /mlb-streams/oakland-athletics-vs-toronto-blue-jays-2/72694?sport=baseball HTTP/1.1" 301 None
07-04-2022 23:30:02 urllib3.connectionpool DEBUG    http://weakstreams.com:80 "GET /mlb-streams/oakland-athletics-vs-toronto-blue-jays-2/72694/?sport=baseball HTTP/1.1" 200 None
07-04-2022 23:30:02 werkzeug     INFO     127.0.0.1 - - [04/Jul/2022 23:30:02] "GET /baseball/437905 HTTP/1.1" 200 -
07-04-2022 23:30:33 urllib3.connectionpool DEBUG    Starting new HTTPS connection (1): sportscentral.io:443
07-04-2022 23:30:34 urllib3.connectionpool DEBUG    https://sportscentral.io:443 "GET /streams-table/437899/baseball?new-ui=1 HTTP/1.1" 200 None
07-04-2022 23:30:34 main-app     ERROR    Traceback (most recent call last):
07-04-2022 23:30:34 main-app     ERROR      File "C:\Programming\SportsStreaming\back-end\venv\lib\site-packages\flask\app.py", line 1523, in full_dispatch_request
07-04-2022 23:30:34 main-app     ERROR        rv = self.dispatch_request()
07-04-2022 23:30:34 main-app     ERROR      File "C:\Programming\SportsStreaming\back-end\venv\lib\site-packages\flask\app.py", line 1509, in dispatch_request
07-04-2022 23:30:34 main-app     ERROR        return self.ensure_sync(self.view_functions[rule.endpoint])(**req.view_args)
07-04-2022 23:30:34 main-app     ERROR      File "C:\Programming\SportsStreaming\back-end\sports_streaming\games\baseball\controller.py", line 28, in get_stream
07-04-2022 23:30:34 main-app     ERROR        streamers.baseball.service.get_top_streamer(game_id)
07-04-2022 23:30:34 main-app     ERROR      File "C:\Programming\SportsStreaming\back-end\sports_streaming\streamers\baseball\service.py", line 14, in get_top_streamer
07-04-2022 23:30:34 main-app     ERROR        return get_streamers(game_id)[0]
07-04-2022 23:30:34 main-app     ERROR    IndexError: list index out of range
07-04-2022 23:30:34 main-app     ERROR    {'code': 500, 'name': 'Server Error', 'description': 'Some error occurred on the server.'}
07-04-2022 23:30:34 werkzeug     INFO     127.0.0.1 - - [04/Jul/2022 23:30:34] "[35m[1mGET /baseball/437899 HTTP/1.1[0m" 500 -
07-05-2022 00:14:06 werkzeug     INFO      * Running on http://127.0.0.1:5000 (Press CTRL+C to quit)
07-05-2022 00:14:08 urllib3.connectionpool DEBUG    Starting new HTTPS connection (1): redditmlbstreams.live:443
07-05-2022 00:14:08 urllib3.connectionpool DEBUG    https://redditmlbstreams.live:443 "GET / HTTP/1.1" 200 None
07-05-2022 00:14:08 main-app     ERROR    Traceback (most recent call last):
07-05-2022 00:14:08 main-app     ERROR      File "C:\Programming\SportsStreaming\back-end\venv\lib\site-packages\flask\app.py", line 1523, in full_dispatch_request
07-05-2022 00:14:08 main-app     ERROR        rv = self.dispatch_request()
07-05-2022 00:14:08 main-app     ERROR      File "C:\Programming\SportsStreaming\back-end\venv\lib\site-packages\flask\app.py", line 1509, in dispatch_request
07-05-2022 00:14:08 main-app     ERROR        return self.ensure_sync(self.view_functions[rule.endpoint])(**req.view_args)
07-05-2022 00:14:08 main-app     ERROR      File "C:\Programming\SportsStreaming\back-end\sports_streaming\games\baseball\controller.py", line 10, in get_games
07-05-2022 00:14:08 main-app     ERROR        serializable = [
07-05-2022 00:14:08 main-app     ERROR    TypeError: 'NoneType' object is not iterable
07-05-2022 00:14:08 main-app     ERROR    {'code': 500, 'name': 'Server Error', 'description': 'Some error occurred on the server.'}
07-05-2022 00:14:08 werkzeug     INFO     127.0.0.1 - - [05/Jul/2022 00:14:08] "[35m[1mGET /baseball/ HTTP/1.1[0m" 500 -
07-05-2022 00:16:10 werkzeug     INFO      * Running on http://127.0.0.1:5000 (Press CTRL+C to quit)
07-05-2022 00:16:12 urllib3.connectionpool DEBUG    Starting new HTTPS connection (1): redditmlbstreams.live:443
07-05-2022 00:16:12 urllib3.connectionpool DEBUG    https://redditmlbstreams.live:443 "GET / HTTP/1.1" 200 None
07-05-2022 00:16:12 werkzeug     INFO     127.0.0.1 - - [05/Jul/2022 00:16:12] "GET /baseball/ HTTP/1.1" 200 -
07-05-2022 00:16:16 urllib3.connectionpool DEBUG    Starting new HTTPS connection (1): sportscentral.io:443
07-05-2022 00:16:17 urllib3.connectionpool DEBUG    https://sportscentral.io:443 "GET /streams-table/437907/baseball?new-ui=1 HTTP/1.1" 200 None
07-05-2022 00:16:17 main-app     ERROR    Traceback (most recent call last):
07-05-2022 00:16:17 main-app     ERROR      File "C:\Programming\SportsStreaming\back-end\venv\lib\site-packages\flask\app.py", line 1523, in full_dispatch_request
07-05-2022 00:16:17 main-app     ERROR        rv = self.dispatch_request()
07-05-2022 00:16:17 main-app     ERROR      File "C:\Programming\SportsStreaming\back-end\venv\lib\site-packages\flask\app.py", line 1509, in dispatch_request
07-05-2022 00:16:17 main-app     ERROR        return self.ensure_sync(self.view_functions[rule.endpoint])(**req.view_args)
07-05-2022 00:16:17 main-app     ERROR      File "C:\Programming\SportsStreaming\back-end\sports_streaming\games\baseball\controller.py", line 28, in get_stream
07-05-2022 00:16:17 main-app     ERROR        streamers.baseball.service.get_best_streamer(game_id)
07-05-2022 00:16:17 main-app     ERROR      File "C:\Programming\SportsStreaming\back-end\sports_streaming\streamers\baseball\service.py", line 14, in get_best_streamer
07-05-2022 00:16:17 main-app     ERROR        return _get_weak_spell(game_id)
07-05-2022 00:16:17 main-app     ERROR      File "C:\Programming\SportsStreaming\back-end\sports_streaming\streamers\baseball\service.py", line 20, in _get_weak_spell
07-05-2022 00:16:17 main-app     ERROR        (streamer for streamer in streamers if streamer.name == 'Weak_Spell'),
07-05-2022 00:16:17 main-app     ERROR    TypeError: 'NoneType' object is not iterable
07-05-2022 00:16:17 main-app     ERROR    {'code': 500, 'name': 'Server Error', 'description': 'Some error occurred on the server.'}
07-05-2022 00:16:17 werkzeug     INFO     127.0.0.1 - - [05/Jul/2022 00:16:17] "[35m[1mGET /baseball/437907 HTTP/1.1[0m" 500 -
07-05-2022 00:17:23 werkzeug     INFO      * Running on http://127.0.0.1:5000 (Press CTRL+C to quit)
07-05-2022 00:17:25 urllib3.connectionpool DEBUG    Starting new HTTPS connection (1): redditmlbstreams.live:443
07-05-2022 00:17:26 urllib3.connectionpool DEBUG    https://redditmlbstreams.live:443 "GET / HTTP/1.1" 200 None
07-05-2022 00:17:26 werkzeug     INFO     127.0.0.1 - - [05/Jul/2022 00:17:26] "GET /baseball/ HTTP/1.1" 200 -
07-05-2022 00:17:31 urllib3.connectionpool DEBUG    Starting new HTTPS connection (1): sportscentral.io:443
07-05-2022 00:17:32 urllib3.connectionpool DEBUG    https://sportscentral.io:443 "GET /streams-table/437907/baseball?new-ui=1 HTTP/1.1" 200 None
07-05-2022 00:17:32 urllib3.connectionpool DEBUG    Starting new HTTPS connection (1): tinyurl.is:443
07-05-2022 00:17:32 urllib3.connectionpool DEBUG    https://tinyurl.is:443 "GET /xupI?sport=baseball HTTP/1.1" 200 None
07-05-2022 00:17:37 urllib3.connectionpool DEBUG    Starting new HTTP connection (1): weakstreams.com:80
07-05-2022 00:17:37 urllib3.connectionpool DEBUG    http://weakstreams.com:80 "GET /mlb-streams/los-angeles-dodgers-vs-colorado-rockies/72788?sport=baseball HTTP/1.1" 301 None
07-05-2022 00:17:37 urllib3.connectionpool DEBUG    http://weakstreams.com:80 "GET /mlb-streams/los-angeles-dodgers-vs-colorado-rockies/72788/?sport=baseball HTTP/1.1" 200 None
07-05-2022 00:17:37 werkzeug     INFO     127.0.0.1 - - [05/Jul/2022 00:17:37] "GET /baseball/437907 HTTP/1.1" 200 -
07-05-2022 00:18:36 urllib3.connectionpool DEBUG    Starting new HTTPS connection (1): sportscentral.io:443
07-05-2022 00:18:36 urllib3.connectionpool DEBUG    https://sportscentral.io:443 "GET /streams-table/437899/baseball?new-ui=1 HTTP/1.1" 200 None
07-05-2022 00:18:36 main-app     ERROR    Traceback (most recent call last):
07-05-2022 00:18:36 main-app     ERROR      File "C:\Programming\SportsStreaming\back-end\venv\lib\site-packages\flask\app.py", line 1523, in full_dispatch_request
07-05-2022 00:18:36 main-app     ERROR        rv = self.dispatch_request()
07-05-2022 00:18:36 main-app     ERROR      File "C:\Programming\SportsStreaming\back-end\venv\lib\site-packages\flask\app.py", line 1509, in dispatch_request
07-05-2022 00:18:36 main-app     ERROR        return self.ensure_sync(self.view_functions[rule.endpoint])(**req.view_args)
07-05-2022 00:18:36 main-app     ERROR      File "C:\Programming\SportsStreaming\back-end\sports_streaming\games\baseball\controller.py", line 28, in get_stream
07-05-2022 00:18:36 main-app     ERROR        streamers.baseball.service.get_best_streamer(game_id)
07-05-2022 00:18:36 main-app     ERROR      File "C:\Programming\SportsStreaming\back-end\sports_streaming\streamers\baseball\service.py", line 14, in get_best_streamer
07-05-2022 00:18:36 main-app     ERROR        return _get_weak_spell(game_id)
07-05-2022 00:18:36 main-app     ERROR      File "C:\Programming\SportsStreaming\back-end\sports_streaming\streamers\baseball\service.py", line 18, in _get_weak_spell
07-05-2022 00:18:36 main-app     ERROR        streamers = get_streamers(game_id)
07-05-2022 00:18:36 main-app     ERROR      File "C:\Programming\SportsStreaming\back-end\sports_streaming\streamers\baseball\service.py", line 39, in get_streamers
07-05-2022 00:18:36 main-app     ERROR        raise util.errors.NoStreamersFound()
07-05-2022 00:18:36 main-app     ERROR    sports_streaming.util.errors.NoStreamersFound
07-05-2022 00:18:36 main-app     ERROR    {'code': 404, 'name': 'NoStreamersFound', 'description': 'No streamers were found for game_id=None.'}
07-05-2022 00:18:36 werkzeug     INFO     127.0.0.1 - - [05/Jul/2022 00:18:36] "[33mGET /baseball/437899 HTTP/1.1[0m" 404 -
07-05-2022 00:20:19 werkzeug     INFO      * Running on http://127.0.0.1:5000 (Press CTRL+C to quit)
07-05-2022 00:20:24 urllib3.connectionpool DEBUG    Starting new HTTPS connection (1): redditmlbstreams.live:443
07-05-2022 00:20:24 urllib3.connectionpool DEBUG    https://redditmlbstreams.live:443 "GET / HTTP/1.1" 200 None
07-05-2022 00:20:24 werkzeug     INFO     127.0.0.1 - - [05/Jul/2022 00:20:24] "GET /baseball/ HTTP/1.1" 200 -
07-05-2022 00:20:26 urllib3.connectionpool DEBUG    Starting new HTTPS connection (1): sportscentral.io:443
07-05-2022 00:20:27 urllib3.connectionpool DEBUG    https://sportscentral.io:443 "GET /streams-table/418862/baseball?new-ui=1 HTTP/1.1" 200 None
07-05-2022 00:20:27 main-app     ERROR    Traceback (most recent call last):
07-05-2022 00:20:27 main-app     ERROR      File "C:\Programming\SportsStreaming\back-end\venv\lib\site-packages\flask\app.py", line 1523, in full_dispatch_request
07-05-2022 00:20:27 main-app     ERROR        rv = self.dispatch_request()
07-05-2022 00:20:27 main-app     ERROR      File "C:\Programming\SportsStreaming\back-end\venv\lib\site-packages\flask\app.py", line 1509, in dispatch_request
07-05-2022 00:20:27 main-app     ERROR        return self.ensure_sync(self.view_functions[rule.endpoint])(**req.view_args)
07-05-2022 00:20:27 main-app     ERROR      File "C:\Programming\SportsStreaming\back-end\sports_streaming\games\baseball\controller.py", line 28, in get_stream
07-05-2022 00:20:27 main-app     ERROR        streamers.baseball.service.get_best_streamer(game_id)
07-05-2022 00:20:27 main-app     ERROR      File "C:\Programming\SportsStreaming\back-end\sports_streaming\streamers\baseball\service.py", line 14, in get_best_streamer
07-05-2022 00:20:27 main-app     ERROR        return _get_weak_spell(game_id)
07-05-2022 00:20:27 main-app     ERROR      File "C:\Programming\SportsStreaming\back-end\sports_streaming\streamers\baseball\service.py", line 18, in _get_weak_spell
07-05-2022 00:20:27 main-app     ERROR        streamers = get_streamers(game_id)
07-05-2022 00:20:27 main-app     ERROR      File "C:\Programming\SportsStreaming\back-end\sports_streaming\streamers\baseball\service.py", line 39, in get_streamers
07-05-2022 00:20:27 main-app     ERROR        raise util.errors.NoStreamersFound(game_id=game_id)
07-05-2022 00:20:27 main-app     ERROR    sports_streaming.util.errors.NoStreamersFound
07-05-2022 00:20:27 main-app     ERROR    {'code': 404, 'name': 'NoStreamersFound', 'description': 'No streamers were found for game_id=418862.'}
07-05-2022 00:20:27 werkzeug     INFO     127.0.0.1 - - [05/Jul/2022 00:20:27] "[33mGET /baseball/418862 HTTP/1.1[0m" 404 -
07-05-2022 00:21:30 urllib3.connectionpool DEBUG    Starting new HTTPS connection (1): sportscentral.io:443
07-05-2022 00:21:31 urllib3.connectionpool DEBUG    https://sportscentral.io:443 "GET /streams-table/437903/baseball?new-ui=1 HTTP/1.1" 200 None
07-05-2022 00:21:31 urllib3.connectionpool DEBUG    Starting new HTTPS connection (1): tinyurl.is:443
07-05-2022 00:21:32 urllib3.connectionpool DEBUG    https://tinyurl.is:443 "GET /4XA6?sport=baseball HTTP/1.1" 200 None
07-05-2022 00:21:35 urllib3.connectionpool DEBUG    Starting new HTTP connection (1): weakstreams.com:80
07-05-2022 00:21:35 urllib3.connectionpool DEBUG    http://weakstreams.com:80 "GET /mlb-streams/atlanta-braves-vs-st-louis-cardinals/72690?sport=baseball HTTP/1.1" 301 None
07-05-2022 00:21:35 urllib3.connectionpool DEBUG    http://weakstreams.com:80 "GET /mlb-streams/atlanta-braves-vs-st-louis-cardinals/72690/?sport=baseball HTTP/1.1" 200 None
07-05-2022 00:21:35 werkzeug     INFO     127.0.0.1 - - [05/Jul/2022 00:21:35] "GET /baseball/437903 HTTP/1.1" 200 -
07-05-2022 00:21:46 urllib3.connectionpool DEBUG    Starting new HTTPS connection (1): sportscentral.io:443
07-05-2022 00:21:47 urllib3.connectionpool DEBUG    https://sportscentral.io:443 "GET /streams-table/441307/baseball?new-ui=1 HTTP/1.1" 200 None
07-05-2022 00:21:47 main-app     ERROR    Traceback (most recent call last):
07-05-2022 00:21:47 main-app     ERROR      File "C:\Programming\SportsStreaming\back-end\venv\lib\site-packages\flask\app.py", line 1523, in full_dispatch_request
07-05-2022 00:21:47 main-app     ERROR        rv = self.dispatch_request()
07-05-2022 00:21:47 main-app     ERROR      File "C:\Programming\SportsStreaming\back-end\venv\lib\site-packages\flask\app.py", line 1509, in dispatch_request
07-05-2022 00:21:47 main-app     ERROR        return self.ensure_sync(self.view_functions[rule.endpoint])(**req.view_args)
07-05-2022 00:21:47 main-app     ERROR      File "C:\Programming\SportsStreaming\back-end\sports_streaming\games\baseball\controller.py", line 28, in get_stream
07-05-2022 00:21:47 main-app     ERROR        streamers.baseball.service.get_best_streamer(game_id)
07-05-2022 00:21:47 main-app     ERROR      File "C:\Programming\SportsStreaming\back-end\sports_streaming\streamers\baseball\service.py", line 14, in get_best_streamer
07-05-2022 00:21:47 main-app     ERROR        return _get_weak_spell(game_id)
07-05-2022 00:21:47 main-app     ERROR      File "C:\Programming\SportsStreaming\back-end\sports_streaming\streamers\baseball\service.py", line 18, in _get_weak_spell
07-05-2022 00:21:47 main-app     ERROR        streamers = get_streamers(game_id)
07-05-2022 00:21:47 main-app     ERROR      File "C:\Programming\SportsStreaming\back-end\sports_streaming\streamers\baseball\service.py", line 39, in get_streamers
07-05-2022 00:21:47 main-app     ERROR        raise util.errors.NoStreamersFound(game_id=game_id)
07-05-2022 00:21:47 main-app     ERROR    sports_streaming.util.errors.NoStreamersFound
07-05-2022 00:21:47 main-app     ERROR    {'code': 404, 'name': 'NoStreamersFound', 'description': 'No streamers were found for game_id=441307.'}
07-05-2022 00:21:47 werkzeug     INFO     127.0.0.1 - - [05/Jul/2022 00:21:47] "[33mGET /baseball/441307 HTTP/1.1[0m" 404 -
